C51 COMPILER V9.60.0.0   HC_05                                                             02/22/2020 20:22:52 PAGE 1   


C51 COMPILER V9.60.0.0, COMPILATION OF MODULE HC_05
OBJECT MODULE PLACED IN HC_05.obj
COMPILER INVOKED BY: D:\Software installation path\MDK\C51\BIN\C51.EXE driver\HC_05.c OPTIMIZE(8,SPEED) BROWSE INCDIR(.\
                    -driver) DEBUG OBJECTEXTEND PRINT(.\HC_05.lst) TABS(2) OBJECT(HC_05.obj)

line level    source

   1          #include <reg52.h>
   2          
   3          /*串口程序初始化*/
   4          void Com_Init(void)
   5          {
   6   1        TMOD = 0x20;
   7   1        PCON = 0x00;
   8   1        SCON = 0x50;
   9   1        TH1 = 0xfd;
  10   1        TL1 = 0xfd;
  11   1        TR1 = 1;
  12   1        ES = 1;
  13   1        EA = 1;
  14   1      }


MODULE INFORMATION:   STATIC OVERLAYABLE
   CODE SIZE        =     22    ----
   CONSTANT SIZE    =   ----    ----
   XDATA SIZE       =   ----    ----
   PDATA SIZE       =   ----    ----
   DATA SIZE        =   ----    ----
   IDATA SIZE       =   ----    ----
   BIT SIZE         =   ----    ----
END OF MODULE INFORMATION.


C51 COMPILATION COMPLETE.  0 WARNING(S),  0 ERROR(S)
